0 silly argv {
0 silly argv   _: [ 'bootstrap' ],
0 silly argv   lernaVersion: '6.6.2',
0 silly argv   '$0': '/Users/zhangzhengming/Documents/GitHub/AElf-devops/aelf-web-login/node_modules/.bin/lerna'
0 silly argv }
1 notice cli v6.6.2
2 verbose rootPath /Users/zhangzhengming/Documents/GitHub/AElf-devops/aelf-web-login
3 error JSONError: Unexpected token "}" (0x7D) in JSON at position 904 while parsing near "...0.0.1-alpha.7.5\",\n  },\n  \"devDependencie..." in packages/login/package.json
3 error
3 error [0m [90m 35 |[39m     [32m"@aelf-react/core"[39m[33m:[39m [32m"^0.1.19"[39m[33m,[39m[0m
3 error [0m [90m 36 |[39m     [32m"@portkey/did-ui-react"[39m[33m:[39m [32m"0.0.1-alpha.7.5"[39m[33m,[39m[0m
3 error [0m[31m[1m>[22m[39m[90m 37 |[39m   }[33m,[39m[0m
3 error [0m [90m    |[39m   [31m[1m^[22m[39m[0m
3 error [0m [90m 38 |[39m   [32m"devDependencies"[39m[33m:[39m {[0m
3 error [0m [90m 39 |[39m     [32m"imap"[39m[33m:[39m [32m"^0.8.19"[39m[0m
3 error [0m [90m 40 |[39m   }[0m
3 error
3 error     at parseJson (/Users/zhangzhengming/Documents/GitHub/AElf-devops/aelf-web-login/node_modules/parse-json/index.js:29:21)
3 error     at parse (/Users/zhangzhengming/Documents/GitHub/AElf-devops/aelf-web-login/node_modules/load-json-file/index.js:15:9)
3 error     at module.exports (/Users/zhangzhengming/Documents/GitHub/AElf-devops/aelf-web-login/node_modules/load-json-file/index.js:18:47)
